#
# A fatal error has been detected by the Java Runtime Environment:
#
#  EXCEPTION_ACCESS_VIOLATION (0xc0000005) at pc=0x000000006ef3bd9b, pid=2892, tid=0x0000000000000a14
#
# JRE version: Java(TM) SE Runtime Environment (8.0_121-b13) (build 1.8.0_121-b13)
# Java VM: Java HotSpot(TM) 64-Bit Server VM (25.121-b13 mixed mode windows-amd64 compressed oops)
# Problematic frame:
# V  [jvm.dll+0x3fbd9b]
#
# Failed to write core dump. Minidumps are not enabled by default on client versions of Windows
#
# If you would like to submit a bug report, please visit:
#   http://bugreport.java.com/bugreport/crash.jsp
#

---------------  T H R E A D  ---------------

Current thread (0x000000000212d800):  GCTaskThread [stack: 0x0000000012350000,0x0000000012450000] [id=2580]

siginfo: ExceptionCode=0xc0000005, writing address 0x0000000001cb1010

Registers:
RAX=0x0000000001c90000, RBX=0x000000006f35b750, RCX=0x0000000000021020, RDX=0x0000000000000035
RSP=0x000000001244f450, RBP=0x0000000000000d69, RSI=0x0000000000000aa7, RDI=0x00000000f534c9d0
R8 =0x000000000000993a, R9 =0x0000000002c2751a, R10=0x000000000000000c, R11=0x0000000000000000
R12=0x0000000002c2751a, R13=0x0000000015f13298, R14=0x0000000015f132a0, R15=0x00000000f60cf8e0
RIP=0x000000006ef3bd9b, EFLAGS=0x0000000000010206

Top of Stack: (sp=0x000000001244f450)
0x000000001244f450:   000000006f35b6d0 0000000002c2751a
0x000000001244f460:   00000000f60cf818 000000006ec7ad21
0x000000001244f470:   00000000f60cf8f8 000000006ec54e96
0x000000001244f480:   00000000f534c9d0 00000000f60cf8f4
0x000000001244f490:   0000000002c2751a 000000005616a570
0x000000001244f4a0:   0000000000000000 00000000000003d8
0x000000001244f4b0:   000000000212e2a8 00000000a4aedf38
0x000000001244f4c0:   0000000000000966 000000006ef37e60
0x000000001244f4d0:   00000000568c4b70 0000000000039800
0x000000001244f4e0:   000000005616a570 000000000212ded0
0x000000001244f4f0:   0000290a00000912 0000290b00000912
0x000000001244f500:   0000000000000000 00000000a4aedf38
0x000000001244f510:   0000000000039800 000000005ce0a800
0x000000001244f520:   0000000000000001 00000e6700000d01
0x000000001244f530:   00007b153b7e2509 000000000212e2a8
0x000000001244f540:   000000000212ded0 00000000000003d8 

Instructions: (pc=0x000000006ef3bd9b)
0x000000006ef3bd7b:   48 8d 0c b6 48 8b d5 48 c1 e1 03 48 2b d6 0f 1f
0x000000006ef3bd8b:   80 00 00 00 00 48 8b 43 18 48 83 c1 28 48 ff ca
0x000000006ef3bd9b:   c7 44 01 f0 00 00 01 00 48 8b 43 18 48 89 7c 01
0x000000006ef3bdab:   e8 75 e2 48 8d 54 ad 00 4a 8d 44 e7 f8 48 c1 e8 


Register to memory mapping:

RAX=0x0000000001c90000 is an unknown value
RBX=0x000000006f35b750 is an unknown value
RCX=0x0000000000021020 is an unknown value
RDX=0x0000000000000035 is an unknown value
RSP=0x000000001244f450 is an unknown value
RBP=0x0000000000000d69 is an unknown value
RSI=0x0000000000000aa7 is an unknown value
RDI=0x00000000f534c9d0 is an unknown value
R8 =0x000000000000993a is an unknown value
R9 =0x0000000002c2751a is at entry_point+12250 in (nmethod*)0x0000000002c24110
R10=0x000000000000000c is an unknown value
R11=0x0000000000000000 is an unknown value
R12=0x0000000002c2751a is at entry_point+12250 in (nmethod*)0x0000000002c24110
R13=0x0000000015f13298 is pointing into metadata
R14=0x0000000015f132a0 is pointing into metadata
R15=0x00000000f60cf8e0 is an oop
com.android.dx.rop.code.RegisterSpec 
 - klass: 'com/android/dx/rop/code/RegisterSpec'


Stack: [0x0000000012350000,0x0000000012450000],  sp=0x000000001244f450,  free space=1021k
Native frames: (J=compiled Java code, j=interpreted, Vv=VM code, C=native code)
V  [jvm.dll+0x3fbd9b]
V  [jvm.dll+0x114e96]
V  [jvm.dll+0x3f7e60]
V  [jvm.dll+0x3f4da3]
V  [jvm.dll+0x3f2b8e]
V  [jvm.dll+0x29c69a]
C  [msvcr100.dll+0x21d9f]
C  [msvcr100.dll+0x21e3b]
C  [kernel32.dll+0x1652d]
C  [ntdll.dll+0x2c521]


---------------  P R O C E S S  ---------------

Java Threads: ( => current thread )
  0x000000005b81a800 JavaThread "pool-34-thread-4" [_thread_blocked, id=1960, stack(0x000000006af40000,0x000000006b040000)]
  0x000000005b81f800 JavaThread "pool-34-thread-3" [_thread_blocked, id=3432, stack(0x000000006ad40000,0x000000006ae40000)]
  0x000000005b820800 JavaThread "pool-34-thread-2" [_thread_blocked, id=1696, stack(0x000000006a100000,0x000000006a200000)]
  0x000000005b81b000 JavaThread "pool-35-thread-1" [_thread_blocked, id=4572, stack(0x0000000069910000,0x0000000069a10000)]
  0x000000005b81c000 JavaThread "pool-34-thread-1" [_thread_blocked, id=4536, stack(0x0000000069720000,0x0000000069820000)]
  0x000000005ce0a800 JavaThread "pool-28-thread-4" [_thread_blocked, id=3552, stack(0x000000006b1c0000,0x000000006b2c0000)]
  0x000000005ce07800 JavaThread "pool-28-thread-3" [_thread_blocked, id=3856, stack(0x000000006ab80000,0x000000006ac80000)]
  0x000000005ce09000 JavaThread "pool-28-thread-2" [_thread_blocked, id=4660, stack(0x000000006a640000,0x000000006a740000)]
  0x000000005ce0b800 JavaThread "pool-29-thread-1" [_thread_blocked, id=4892, stack(0x000000006a450000,0x000000006a550000)]
  0x000000005ce0c000 JavaThread "pool-28-thread-1" [_thread_blocked, id=1664, stack(0x0000000069130000,0x0000000069230000)]
  0x000000005cf21000 JavaThread "pool-16-thread-4" [_thread_blocked, id=3896, stack(0x0000000069260000,0x0000000069360000)]
  0x000000005cf20000 JavaThread "pool-16-thread-3" [_thread_blocked, id=2496, stack(0x0000000069ea0000,0x0000000069fa0000)]
  0x000000005ce0e800 JavaThread "pool-16-thread-2" [_thread_blocked, id=4432, stack(0x0000000069480000,0x0000000069580000)]
  0x000000005ce0d800 JavaThread "pool-20-thread-1" [_thread_blocked, id=4476, stack(0x0000000069d40000,0x0000000069e40000)]
  0x000000005ce0d000 JavaThread "pool-16-thread-1" [_thread_blocked, id=2792, stack(0x0000000069a50000,0x0000000069b50000)]
  0x000000005d0ae800 JavaThread "pool-13-thread-4" [_thread_blocked, id=4852, stack(0x0000000063200000,0x0000000063300000)]
  0x0000000059b06000 JavaThread "pool-13-thread-3" [_thread_blocked, id=4144, stack(0x0000000068f90000,0x0000000069090000)]
  0x0000000059b06800 JavaThread "pool-13-thread-2" [_thread_blocked, id=5040, stack(0x0000000066b90000,0x0000000066c90000)]
  0x0000000059b07800 JavaThread "pool-13-thread-1" [_thread_blocked, id=4512, stack(0x000000005e980000,0x000000005ea80000)]
  0x000000005e0b6000 JavaThread "pool-11-thread-4" [_thread_blocked, id=3672, stack(0x00000000687f0000,0x00000000688f0000)]
  0x000000005e0b2000 JavaThread "pool-11-thread-3" [_thread_blocked, id=300, stack(0x00000000671a0000,0x00000000672a0000)]
  0x000000005e0b3000 JavaThread "pool-11-thread-2" [_thread_blocked, id=4900, stack(0x0000000060ba0000,0x0000000060ca0000)]
  0x000000005e0b4800 JavaThread "pool-11-thread-1" [_thread_blocked, id=4520, stack(0x0000000062f50000,0x0000000063050000)]
  0x000000005e0b3800 JavaThread "Stdin handler" [_thread_blocked, id=4488, stack(0x000000005a7b0000,0x000000005a8b0000)]
  0x0000000059cbe800 JavaThread "Asynchronous log dispatcher for org.gradle.launcher.daemon.server.DefaultDaemonConnection@60c374ef" [_thread_blocked, id=4040, stack(0x000000005d810000,0x000000005d910000)]
  0x0000000059cb9000 JavaThread "Daemon worker Thread 2" [_thread_blocked, id=4916, stack(0x000000005ae30000,0x000000005af30000)]
  0x0000000059cbd000 JavaThread "Cancel handler" [_thread_blocked, id=4984, stack(0x000000005acf0000,0x000000005adf0000)]
  0x0000000059cbc000 JavaThread "Handler for socket connection from /127.0.0.1:49173 to /127.0.0.1:49222" [_thread_in_native, id=2000, stack(0x000000005a8e0000,0x000000005a9e0000)]
  0x0000000059cbb800 JavaThread "Daemon Thread 2" [_thread_blocked, id=3000, stack(0x000000005a450000,0x000000005a550000)]
  0x0000000059356000 JavaThread "stdout" daemon [_thread_in_native, id=4508, stack(0x0000000068530000,0x0000000068630000)]
  0x0000000059355800 JavaThread "stderr" daemon [_thread_in_native, id=1360, stack(0x0000000068630000,0x0000000068730000)]
  0x0000000059354800 JavaThread "stdout" daemon [_thread_in_native, id=4628, stack(0x00000000683a0000,0x00000000684a0000)]
  0x0000000059354000 JavaThread "stderr" daemon [_thread_in_native, id=4588, stack(0x0000000067d90000,0x0000000067e90000)]
  0x0000000059353000 JavaThread "stdout" daemon [_thread_in_native, id=4576, stack(0x0000000068290000,0x0000000068390000)]
  0x0000000059352800 JavaThread "stderr" daemon [_thread_in_native, id=4656, stack(0x00000000675b0000,0x00000000676b0000)]
  0x0000000059351800 JavaThread "stdout" daemon [_thread_in_native, id=4648, stack(0x00000000680c0000,0x00000000681c0000)]
  0x0000000059351000 JavaThread "stderr" daemon [_thread_in_native, id=4516, stack(0x0000000067ed0000,0x0000000067fd0000)]
  0x0000000059350000 JavaThread "stdout" daemon [_thread_in_native, id=4612, stack(0x0000000067c80000,0x0000000067d80000)]
  0x000000005d0b4000 JavaThread "stderr" daemon [_thread_in_native, id=4608, stack(0x0000000065c80000,0x0000000065d80000)]
  0x000000005d0b3000 JavaThread "stdout" daemon [_thread_in_native, id=4644, stack(0x0000000067b10000,0x0000000067c10000)]
  0x000000005d0b2800 JavaThread "stderr" daemon [_thread_in_native, id=3416, stack(0x00000000679c0000,0x0000000067ac0000)]
  0x000000005d0b1800 JavaThread "stdout" daemon [_thread_in_native, id=4972, stack(0x00000000678a0000,0x00000000679a0000)]
  0x000000005d0b1000 JavaThread "stderr" daemon [_thread_in_native, id=3028, stack(0x00000000676b0000,0x00000000677b0000)]
  0x000000005d0b0000 JavaThread "stdout" daemon [_thread_in_native, id=4268, stack(0x00000000674a0000,0x00000000675a0000)]
  0x000000005d0af800 JavaThread "stderr" daemon [_thread_in_native, id=3812, stack(0x00000000672f0000,0x00000000673f0000)]
  0x000000005d0ae000 JavaThread "stdout" daemon [_thread_in_native, id=3640, stack(0x0000000067070000,0x0000000067170000)]
  0x000000005d0ad000 JavaThread "stderr" daemon [_thread_in_native, id=4836, stack(0x0000000066e80000,0x0000000066f80000)]
  0x00000000588eb000 JavaThread "stdout" daemon [_thread_in_native, id=1928, stack(0x0000000066c90000,0x0000000066d90000)]
  0x00000000588ea800 JavaThread "stderr" daemon [_thread_in_native, id=3300, stack(0x0000000066a50000,0x0000000066b50000)]
  0x00000000588e9800 JavaThread "stdout" daemon [_thread_in_native, id=5024, stack(0x0000000066950000,0x0000000066a50000)]
  0x00000000588e9000 JavaThread "stderr" daemon [_thread_in_native, id=4448, stack(0x0000000066790000,0x0000000066890000)]
  0x00000000588e8000 JavaThread "stdout" daemon [_thread_in_native, id=4160, stack(0x0000000066650000,0x0000000066750000)]
  0x00000000588e7800 JavaThread "stderr" daemon [_thread_in_native, id=3272, stack(0x00000000664f0000,0x00000000665f0000)]
  0x00000000588e6800 JavaThread "stdout" daemon [_thread_in_native, id=4824, stack(0x00000000662d0000,0x00000000663d0000)]
  0x00000000588e6000 JavaThread "stderr" daemon [_thread_in_native, id=3480, stack(0x00000000663d0000,0x00000000664d0000)]
  0x00000000588e5000 JavaThread "stdout" daemon [_thread_in_native, id=168, stack(0x0000000065ff0000,0x00000000660f0000)]
  0x00000000588e4800 JavaThread "stderr" daemon [_thread_in_native, id=3712, stack(0x0000000066170000,0x0000000066270000)]
  0x000000005b5cb000 JavaThread "stdout" daemon [_thread_in_native, id=3940, stack(0x0000000065ef0000,0x0000000065ff0000)]
  0x000000005b5ca000 JavaThread "stderr" daemon [_thread_in_native, id=3244, stack(0x0000000065d80000,0x0000000065e80000)]
  0x000000005b5c9800 JavaThread "stdout" daemon [_thread_in_native, id=4252, stack(0x00000000659a0000,0x0000000065aa0000)]
  0x000000005b5c8800 JavaThread "stderr" daemon [_thread_in_native, id=3980, stack(0x0000000065b20000,0x0000000065c20000)]
  0x000000005b5c8000 JavaThread "stdout" daemon [_thread_in_native, id=1944, stack(0x0000000065860000,0x0000000065960000)]
  0x000000005b5c7000 JavaThread "stderr" daemon [_thread_in_native, id=4980, stack(0x0000000065560000,0x0000000065660000)]
  0x000000005b5c6800 JavaThread "stdout" daemon [_thread_in_native, id=4992, stack(0x0000000065680000,0x0000000065780000)]
  0x000000005b5c5800 JavaThread "stderr" daemon [_thread_in_native, id=3892, stack(0x0000000065350000,0x0000000065450000)]
  0x000000005b5c5000 JavaThread "stdout" daemon [_thread_in_native, id=2492, stack(0x0000000065460000,0x0000000065560000)]
  0x000000005b5c4000 JavaThread "stdout" daemon [_thread_in_native, id=2148, stack(0x0000000065050000,0x0000000065150000)]
  0x0000000061dba000 JavaThread "stderr" daemon [_thread_in_native, id=4776, stack(0x0000000065170000,0x0000000065270000)]
  0x0000000061db9800 JavaThread "stderr" daemon [_thread_in_native, id=2552, stack(0x0000000064e80000,0x0000000064f80000)]
  0x0000000061db8800 JavaThread "png-cruncher_20" daemon [_thread_blocked, id=4780, stack(0x0000000064d30000,0x0000000064e30000)]
  0x0000000061db8000 JavaThread "png-cruncher_19" daemon [_thread_blocked, id=4800, stack(0x0000000064a80000,0x0000000064b80000)]
  0x0000000061db7000 JavaThread "png-cruncher_18" daemon [_thread_blocked, id=4792, stack(0x0000000064b80000,0x0000000064c80000)]
  0x0000000061db6800 JavaThread "png-cruncher_17" daemon [_thread_blocked, id=4676, stack(0x00000000648d0000,0x00000000649d0000)]
  0x0000000061db5800 JavaThread "png-cruncher_16" daemon [_thread_blocked, id=4692, stack(0x00000000644f0000,0x00000000645f0000)]
  0x0000000061db5000 JavaThread "png-cruncher_15" daemon [_thread_blocked, id=4720, stack(0x0000000064720000,0x0000000064820000)]
  0x0000000061db4000 JavaThread "png-cruncher_14" daemon [_thread_blocked, id=4736, stack(0x0000000064610000,0x0000000064710000)]
  0x0000000061db3800 JavaThread "png-cruncher_13" daemon [_thread_blocked, id=4680, stack(0x0000000063d70000,0x0000000063e70000)]
  0x00000000577d4000 JavaThread "png-cruncher_12" daemon [_thread_blocked, id=4360, stack(0x0000000064340000,0x0000000064440000)]
  0x00000000577d3000 JavaThread "png-cruncher_11" daemon [_thread_blocked, id=700, stack(0x0000000064170000,0x0000000064270000)]
  0x00000000577d2800 JavaThread "png-cruncher_10" daemon [_thread_blocked, id=3968, stack(0x0000000064060000,0x0000000064160000)]
  0x00000000577d1800 JavaThread "png-cruncher_9" daemon [_thread_blocked, id=4304, stack(0x0000000063e90000,0x0000000063f90000)]
  0x00000000577d1000 JavaThread "png-cruncher_8" daemon [_thread_blocked, id=4272, stack(0x0000000063610000,0x0000000063710000)]
  0x0000000059b0c800 JavaThread "png-cruncher_7" daemon [_thread_blocked, id=4420, stack(0x00000000630c0000,0x00000000631c0000)]
  0x0000000059b0c000 JavaThread "png-cruncher_6" daemon [_thread_blocked, id=4108, stack(0x0000000063be0000,0x0000000063ce0000)]
  0x0000000059b0b000 JavaThread "png-cruncher_5" daemon [_thread_blocked, id=3768, stack(0x0000000063a50000,0x0000000063b50000)]
  0x0000000059b0a800 JavaThread "png-cruncher_4" daemon [_thread_blocked, id=4280, stack(0x0000000063920000,0x0000000063a20000)]
  0x0000000059b09800 JavaThread "png-cruncher_3" daemon [_thread_blocked, id=1980, stack(0x0000000063730000,0x0000000063830000)]
  0x0000000059b09000 JavaThread "png-cruncher_2" daemon [_thread_blocked, id=3880, stack(0x0000000063500000,0x0000000063600000)]
  0x0000000059b08000 JavaThread "png-cruncher_1" daemon [_thread_blocked, id=1160, stack(0x0000000063390000,0x0000000063490000)]
  0x0000000059cb8800 JavaThread "File lock request listener" [_thread_in_native, id=1484, stack(0x000000005c460000,0x000000005c560000)]
  0x000000005922b000 JavaThread "Incoming local TCP Connector on port 49173" [_thread_in_native, id=2796, stack(0x0000000059eb0000,0x0000000059fb0000)]
  0x00000000586a0000 JavaThread "pool-1-thread-1" [_thread_blocked, id=1524, stack(0x000000005a000000,0x000000005a100000)]
  0x00000000577cd800 JavaThread "Service Thread" daemon [_thread_blocked, id=4864, stack(0x0000000057d60000,0x0000000057e60000)]
  0x000000005774b800 JavaThread "C1 CompilerThread2" daemon [_thread_blocked, id=4860, stack(0x0000000057b40000,0x0000000057c40000)]
  0x000000005774a000 JavaThread "C2 CompilerThread1" daemon [_thread_blocked, id=4920, stack(0x0000000058150000,0x0000000058250000)]
  0x0000000057744800 JavaThread "C2 CompilerThread0" daemon [_thread_blocked, id=4928, stack(0x0000000057fe0000,0x00000000580e0000)]
  0x0000000057740800 JavaThread "Attach Listener" daemon [_thread_blocked, id=4684, stack(0x0000000057eb0000,0x0000000057fb0000)]
  0x0000000056255000 JavaThread "Signal Dispatcher" daemon [_thread_blocked, id=4924, stack(0x0000000057c60000,0x0000000057d60000)]
  0x000000005623c000 JavaThread "Finalizer" daemon [_thread_blocked, id=4316, stack(0x0000000057640000,0x0000000057740000)]
  0x00000000561f5000 JavaThread "Reference Handler" daemon [_thread_blocked, id=4312, stack(0x00000000573f0000,0x00000000574f0000)]
  0x000000000220d800 JavaThread "main" [_thread_blocked, id=3900, stack(0x00000000023b0000,0x00000000024b0000)]

Other Threads:
  0x00000000561ee000 VMThread [stack: 0x0000000057260000,0x0000000057360000] [id=4308]
  0x00000000577eb000 WatcherThread [stack: 0x0000000058410000,0x0000000058510000] [id=3664]

=>0x000000000212d800 (exited) GCTaskThread [stack: 0x0000000012350000,0x0000000012450000] [id=2580]

VM state:at safepoint (normal execution)

VM Mutex/Monitor currently owned by a thread:  ([mutex/lock_event])
[0x000000000220be30] Threads_lock - owner thread: 0x00000000561ee000
[0x000000000220c330] Heap_lock - owner thread: 0x000000005ce0e800

Heap:
 PSYoungGen      total 363008K, used 46052K [0x00000000e0000000, 0x0000000100000000, 0x0000000100000000)
  eden space 316928K, 0% used [0x00000000e0000000,0x00000000e0000000,0x00000000f3580000)
  from space 46080K, 99% used [0x00000000f3580000,0x00000000f6279368,0x00000000f6280000)
  to   space 65536K, 0% used [0x00000000fc000000,0x00000000fc000000,0x0000000100000000)
 ParOldGen       total 100864K, used 100527K [0x00000000a0000000, 0x00000000a6280000, 0x00000000e0000000)
  object space 100864K, 99% used [0x00000000a0000000,0x00000000a622bfc0,0x00000000a6280000)
 Metaspace       used 66192K, capacity 67770K, committed 70016K, reserved 1110016K
  class space    used 8515K, capacity 8819K, committed 9344K, reserved 1048576K

Card table byte_map: [0x0000000011b40000,0x0000000011e50000] byte_map_base: 0x0000000011640000

Marking Bits: (ParMarkBitMap*) 0x000000006f35b6d0
 Begin Bits: [0x0000000012560000, 0x0000000013d60000)
 End Bits:   [0x0000000013d60000, 0x0000000015560000)

Polling page: 0x0000000000340000

CodeCache: size=245760Kb used=43786Kb max_used=43791Kb free=201973Kb
 bounds [0x0000000002780000, 0x0000000005290000, 0x0000000011780000]
 total_blobs=12994 nmethods=12248 adapters=657
 compilation: enabled

Compilation events (10 events):
Event: 3003.043 Thread 0x0000000057744800 nmethod 14327 0x00000000040e6110 code [0x00000000040e6360, 0x00000000040e7bb8]
Event: 3003.043 Thread 0x0000000057744800 14731 %     4       com.android.dx.ssa.SsaConverter::placePhiFunctions @ 264 (394 bytes)
Event: 3003.092 Thread 0x000000005774b800 14843   !   2       java.util.concurrent.ConcurrentHashMap::putVal (362 bytes)
Event: 3003.094 Thread 0x000000005774b800 nmethod 14843 0x0000000005262c50 code [0x0000000005262e60, 0x0000000005263ad8]
Event: 3003.098 Thread 0x000000005774b800 14844       2       com.android.dx.cf.direct.StdAttributeFactory::exceptions (105 bytes)
Event: 3003.100 Thread 0x000000005774b800 nmethod 14844 0x0000000004b71010 code [0x0000000004b71260, 0x0000000004b71b38]
Event: 3003.100 Thread 0x000000005774b800 14845       2       com.android.dx.cf.attrib.AttExceptions::byteLength (15 bytes)
Event: 3003.100 Thread 0x000000005774b800 nmethod 14845 0x000000000337d850 code [0x000000000337d9c0, 0x000000000337db48]
Event: 3003.115 Thread 0x000000005774b800 14847       1       com.android.dx.rop.cst.CstLong::getType (4 bytes)
Event: 3003.115 Thread 0x000000005774b800 nmethod 14847 0x0000000002908810 code [0x0000000002908960, 0x0000000002908a70]

GC Heap History (10 events):
Event: 2988.187 GC heap after
Heap after GC invocations=24 (full 7):
 PSYoungGen      total 253952K, used 0K [0x00000000e0000000, 0x00000000f1800000, 0x0000000100000000)
  eden space 232448K, 0% used [0x00000000e0000000,0x00000000e0000000,0x00000000ee300000)
  from space 21504K, 0% used [0x00000000eed00000,0x00000000eed00000,0x00000000f0200000)
  to   space 22528K, 0% used [0x00000000f0200000,0x00000000f0200000,0x00000000f1800000)
 ParOldGen       total 98816K, used 46911K [0x00000000a0000000, 0x00000000a6080000, 0x00000000e0000000)
  object space 98816K, 47% used [0x00000000a0000000,0x00000000a2dcfec0,0x00000000a6080000)
 Metaspace       used 56943K, capacity 58304K, committed 61824K, reserved 1101824K
  class space    used 7553K, capacity 7795K, committed 8576K, reserved 1048576K
}
Event: 2994.949 GC heap before
{Heap before GC invocations=25 (full 7):
 PSYoungGen      total 253952K, used 232064K [0x00000000e0000000, 0x00000000f1800000, 0x0000000100000000)
  eden space 232448K, 99% used [0x00000000e0000000,0x00000000ee2a0278,0x00000000ee300000)
  from space 21504K, 0% used [0x00000000eed00000,0x00000000eed00000,0x00000000f0200000)
  to   space 22528K, 0% used [0x00000000f0200000,0x00000000f0200000,0x00000000f1800000)
 ParOldGen       total 98816K, used 46911K [0x00000000a0000000, 0x00000000a6080000, 0x00000000e0000000)
  object space 98816K, 47% used [0x00000000a0000000,0x00000000a2dcfec0,0x00000000a6080000)
 Metaspace       used 61534K, capacity 63104K, committed 65536K, reserved 1105920K
  class space    used 8119K, capacity 8432K, committed 8960K, reserved 1048576K
Event: 2994.987 GC heap after
Heap after GC invocations=25 (full 7):
 PSYoungGen      total 259584K, used 13636K [0x00000000e0000000, 0x00000000f5800000, 0x0000000100000000)
  eden space 237056K, 0% used [0x00000000e0000000,0x00000000e0000000,0x00000000ee780000)
  from space 22528K, 60% used [0x00000000f0200000,0x00000000f0f513b8,0x00000000f1800000)
  to   space 27136K, 0% used [0x00000000ee780000,0x00000000ee780000,0x00000000f0200000)
 ParOldGen       total 98816K, used 46919K [0x00000000a0000000, 0x00000000a6080000, 0x00000000e0000000)
  object space 98816K, 47% used [0x00000000a0000000,0x00000000a2dd1ec0,0x00000000a6080000)
 Metaspace       used 61534K, capacity 63104K, committed 65536K, reserved 1105920K
  class space    used 8119K, capacity 8432K, committed 8960K, reserved 1048576K
}
Event: 2999.172 GC heap before
{Heap before GC invocations=26 (full 7):
 PSYoungGen      total 259584K, used 250692K [0x00000000e0000000, 0x00000000f5800000, 0x0000000100000000)
  eden space 237056K, 100% used [0x00000000e0000000,0x00000000ee780000,0x00000000ee780000)
  from space 22528K, 60% used [0x00000000f0200000,0x00000000f0f513b8,0x00000000f1800000)
  to   space 27136K, 0% used [0x00000000ee780000,0x00000000ee780000,0x00000000f0200000)
 ParOldGen       total 98816K, used 46919K [0x00000000a0000000, 0x00000000a6080000, 0x00000000e0000000)
  object space 98816K, 47% used [0x00000000a0000000,0x00000000a2dd1ec0,0x00000000a6080000)
 Metaspace       used 65885K, capacity 67514K, committed 69760K, reserved 1110016K
  class space    used 8513K, capacity 8819K, committed 9344K, reserved 1048576K
Event: 2999.297 GC heap after
Heap after GC invocations=26 (full 7):
 PSYoungGen      total 264192K, used 27110K [0x00000000e0000000, 0x00000000f8600000, 0x0000000100000000)
  eden space 237056K, 0% used [0x00000000e0000000,0x00000000e0000000,0x00000000ee780000)
  from space 27136K, 99% used [0x00000000ee780000,0x00000000f01f9980,0x00000000f0200000)
  to   space 36352K, 0% used [0x00000000f6280000,0x00000000f6280000,0x00000000f8600000)
 ParOldGen       total 98816K, used 60116K [0x00000000a0000000, 0x00000000a6080000, 0x00000000e0000000)
  object space 98816K, 60% used [0x00000000a0000000,0x00000000a3ab50b0,0x00000000a6080000)
 Metaspace       used 65885K, capacity 67514K, committed 69760K, reserved 1110016K
  class space    used 8513K, capacity 8819K, committed 9344K, reserved 1048576K
}
Event: 3000.987 GC heap before
{Heap before GC invocations=27 (full 7):
 PSYoungGen      total 264192K, used 264166K [0x00000000e0000000, 0x00000000f8600000, 0x0000000100000000)
  eden space 237056K, 100% used [0x00000000e0000000,0x00000000ee780000,0x00000000ee780000)
  from space 27136K, 99% used [0x00000000ee780000,0x00000000f01f9980,0x00000000f0200000)
  to   space 36352K, 0% used [0x00000000f6280000,0x00000000f6280000,0x00000000f8600000)
 ParOldGen       total 98816K, used 60116K [0x00000000a0000000, 0x00000000a6080000, 0x00000000e0000000)
  object space 98816K, 60% used [0x00000000a0000000,0x00000000a3ab50b0,0x00000000a6080000)
 Metaspace       used 66114K, capacity 67706K, committed 70016K, reserved 1110016K
  class space    used 8513K, capacity 8819K, committed 9344K, reserved 1048576K
Event: 3001.138 GC heap after
Heap after GC invocations=27 (full 7):
 PSYoungGen      total 353280K, used 36327K [0x00000000e0000000, 0x00000000fb180000, 0x0000000100000000)
  eden space 316928K, 0% used [0x00000000e0000000,0x00000000e0000000,0x00000000f3580000)
  from space 36352K, 99% used [0x00000000f6280000,0x00000000f85f9fa0,0x00000000f8600000)
  to   space 46080K, 0% used [0x00000000f3580000,0x00000000f3580000,0x00000000f6280000)
 ParOldGen       total 98816K, used 69999K [0x00000000a0000000, 0x00000000a6080000, 0x00000000e0000000)
  object space 98816K, 70% used [0x00000000a0000000,0x00000000a445bea8,0x00000000a6080000)
 Metaspace       used 66114K, capacity 67706K, committed 70016K, reserved 1110016K
  class space    used 8513K, capacity 8819K, committed 9344K, reserved 1048576K
}
Event: 3003.169 GC heap before
{Heap before GC invocations=28 (full 7):
 PSYoungGen      total 353280K, used 353255K [0x00000000e0000000, 0x00000000fb180000, 0x0000000100000000)
  eden space 316928K, 100% used [0x00000000e0000000,0x00000000f3580000,0x00000000f3580000)
  from space 36352K, 99% used [0x00000000f6280000,0x00000000f85f9fa0,0x00000000f8600000)
  to   space 46080K, 0% used [0x00000000f3580000,0x00000000f3580000,0x00000000f6280000)
 ParOldGen       total 98816K, used 69999K [0x00000000a0000000, 0x00000000a6080000, 0x00000000e0000000)
  object space 98816K, 70% used [0x00000000a0000000,0x00000000a445bea8,0x00000000a6080000)
 Metaspace       used 66192K, capacity 67770K, committed 70016K, reserved 1110016K
  class space    used 8515K, capacity 8819K, committed 9344K, reserved 1048576K
Event: 3003.373 GC heap after
Heap after GC invocations=28 (full 7):
 PSYoungGen      total 363008K, used 46052K [0x00000000e0000000, 0x0000000100000000, 0x0000000100000000)
  eden space 316928K, 0% used [0x00000000e0000000,0x00000000e0000000,0x00000000f3580000)
  from space 46080K, 99% used [0x00000000f3580000,0x00000000f6279368,0x00000000f6280000)
  to   space 65536K, 0% used [0x00000000fc000000,0x00000000fc000000,0x0000000100000000)
 ParOldGen       total 100864K, used 100527K [0x00000000a0000000, 0x00000000a6280000, 0x00000000e0000000)
  object space 100864K, 99% used [0x00000000a0000000,0x00000000a622bfc0,0x00000000a6280000)
 Metaspace       used 66192K, capacity 67770K, committed 70016K, reserved 1110016K
  class space    used 8515K, capacity 8819K, committed 9344K, reserved 1048576K
}
Event: 3003.373 GC heap before
{Heap before GC invocations=29 (full 8):
 PSYoungGen      total 363008K, used 46052K [0x00000000e0000000, 0x0000000100000000, 0x0000000100000000)
  eden space 316928K, 0% used [0x00000000e0000000,0x00000000e0000000,0x00000000f3580000)
  from space 46080K, 99% used [0x00000000f3580000,0x00000000f6279368,0x00000000f6280000)
  to   space 65536K, 0% used [0x00000000fc000000,0x00000000fc000000,0x0000000100000000)
 ParOldGen       total 100864K, used 100527K [0x00000000a0000000, 0x00000000a6280000, 0x00000000e0000000)
  object space 100864K, 99% used [0x00000000a0000000,0x00000000a622bfc0,0x00000000a6280000)
 Metaspace       used 66192K, capacity 67770K, committed 70016K, reserved 1110016K
  class space    used 8515K, capacity 8819K, committed 9344K, reserved 1048576K

Deoptimization events (10 events):
Event: 3002.287 Thread 0x000000005ce0d000 Uncommon trap: reason=unstable_if action=reinterpret pc=0x0000000004f52704 method=com.android.dx.rop.code.LocalItem.compareHandlesNulls(Lcom/android/dx/rop/cst/CstString;Lcom/android/dx/rop/cst/CstString;)I @ 14
Event: 3002.404 Thread 0x000000005ce07800 Uncommon trap: reason=bimorphic action=maybe_recompile pc=0x00000000051f5c2c method=com.android.dx.ssa.SCCP.setLatticeValueTo(IILcom/android/dx/rop/cst/Constant;)Z @ 43
Event: 3002.404 Thread 0x000000005ce07800 Uncommon trap: reason=bimorphic action=maybe_recompile pc=0x00000000051f5c2c method=com.android.dx.ssa.SCCP.setLatticeValueTo(IILcom/android/dx/rop/cst/Constant;)Z @ 43
Event: 3002.404 Thread 0x000000005ce07800 Uncommon trap: reason=bimorphic action=maybe_recompile pc=0x00000000051f5c2c method=com.android.dx.ssa.SCCP.setLatticeValueTo(IILcom/android/dx/rop/cst/Constant;)Z @ 43
Event: 3002.406 Thread 0x000000005ce07800 Uncommon trap: reason=bimorphic action=maybe_recompile pc=0x00000000051f5c2c method=com.android.dx.ssa.SCCP.setLatticeValueTo(IILcom/android/dx/rop/cst/Constant;)Z @ 43
Event: 3002.820 Thread 0x000000005b820800 Uncommon trap: reason=unstable_if action=reinterpret pc=0x0000000003445474 method=com.android.dx.rop.code.RegisterSpecSet.<init>(I)V @ 2
Event: 3003.021 Thread 0x000000005ce09000 Uncommon trap: reason=class_check action=maybe_recompile pc=0x00000000049e4b1c method=com.android.dx.ssa.LiteralOpUpgrader.isConstIntZeroOrKnownNull(Lcom/android/dx/rop/code/RegisterSpec;)Z @ 13
Event: 3003.023 Thread 0x000000005ce09000 Uncommon trap: reason=class_check action=maybe_recompile pc=0x00000000049e4b1c method=com.android.dx.ssa.LiteralOpUpgrader.isConstIntZeroOrKnownNull(Lcom/android/dx/rop/code/RegisterSpec;)Z @ 13
Event: 3003.028 Thread 0x000000005ce09000 Uncommon trap: reason=class_check action=maybe_recompile pc=0x00000000049e4b1c method=com.android.dx.ssa.LiteralOpUpgrader.isConstIntZeroOrKnownNull(Lcom/android/dx/rop/code/RegisterSpec;)Z @ 13
Event: 3003.091 Thread 0x000000005ce0e800 Uncommon trap: reason=unstable_if action=reinterpret pc=0x0000000004846d34 method=java.util.concurrent.ConcurrentHashMap.putVal(Ljava/lang/Object;Ljava/lang/Object;Z)Ljava/lang/Object; @ 331

Internal exceptions (10 events):
Event: 2990.057 Thread 0x0000000059cb9000 Exception <a 'java/lang/NoSuchMethodError': <clinit>> (0x00000000ea141ae8) thrown at [C:\re\workspace\8-2-build-windows-amd64-cygwin\jdk8u121\8372\hotspot\src\share\vm\prims\jni.cpp, line 1613]
Event: 2990.060 Thread 0x0000000059cb9000 Exception <a 'java/lang/NoSuchMethodError': <clinit>> (0x00000000ea14e990) thrown at [C:\re\workspace\8-2-build-windows-amd64-cygwin\jdk8u121\8372\hotspot\src\share\vm\prims\jni.cpp, line 1613]
Event: 2990.067 Thread 0x0000000059cb9000 Exception <a 'java/lang/NoSuchMethodError': <clinit>> (0x00000000ea161ee0) thrown at [C:\re\workspace\8-2-build-windows-amd64-cygwin\jdk8u121\8372\hotspot\src\share\vm\prims\jni.cpp, line 1613]
Event: 2990.069 Thread 0x0000000059cb9000 Exception <a 'java/lang/NoSuchMethodError': <clinit>> (0x00000000ea17a740) thrown at [C:\re\workspace\8-2-build-windows-amd64-cygwin\jdk8u121\8372\hotspot\src\share\vm\prims\jni.cpp, line 1613]
Event: 2990.069 Thread 0x0000000059cb9000 Exception <a 'java/lang/NoSuchMethodError': <clinit>> (0x00000000ea17bc38) thrown at [C:\re\workspace\8-2-build-windows-amd64-cygwin\jdk8u121\8372\hotspot\src\share\vm\prims\jni.cpp, line 1613]
Event: 2996.447 Thread 0x0000000059cb9000 Implicit null exception at 0x0000000003e7f3fc to 0x0000000003e7f615
Event: 2996.503 Thread 0x0000000059cb9000 Exception <a 'java/lang/NoSuchMethodError': <clinit>> (0x00000000e2365700) thrown at [C:\re\workspace\8-2-build-windows-amd64-cygwin\jdk8u121\8372\hotspot\src\share\vm\prims\jni.cpp, line 1613]
Event: 2998.010 Thread 0x000000005cf22800 Implicit null exception at 0x0000000004c7d592 to 0x0000000004c7d682
Event: 2998.161 Thread 0x00000000601cf000 Implicit null exception at 0x0000000004d770dd to 0x0000000004d78675
Event: 3002.287 Thread 0x000000005ce0d000 Implicit null exception at 0x0000000004f50e3a to 0x0000000004f526dd

Events (10 events):
Event: 3003.091 Thread 0x000000005ce0e800 Uncommon trap: trap_request=0xffffff65 fr.pc=0x0000000004846d34
Event: 3003.091 Thread 0x000000005ce0e800 DEOPT PACKING pc=0x0000000004846d34 sp=0x000000006957e720
Event: 3003.091 Thread 0x000000005ce0e800 DEOPT UNPACKING pc=0x00000000027c582a sp=0x000000006957e6b8 mode 2
Event: 3003.091 loading class java/util/concurrent/ConcurrentHashMap$TreeNode
Event: 3003.109 loading class java/util/concurrent/ConcurrentHashMap$TreeNode done
Event: 3003.109 loading class java/util/concurrent/ConcurrentHashMap$TreeBin
Event: 3003.146 loading class java/util/concurrent/ConcurrentHashMap$TreeBin done
Event: 3003.163 Executing VM operation: RevokeBias
Event: 3003.165 Executing VM operation: RevokeBias done
Event: 3003.169 Executing VM operation: ParallelGCFailedAllocation


Dynamic libraries:
0x000000013f4a0000 - 0x000000013f4d7000 	C:\Program Files\Java\jdk1.8.0_121\bin\java.exe
0x0000000077460000 - 0x0000000077609000 	C:\Windows\SYSTEM32\ntdll.dll
0x0000000077340000 - 0x000000007745f000 	C:\Windows\system32\kernel32.dll
0x000007fefd6f0000 - 0x000007fefd75b000 	C:\Windows\system32\KERNELBASE.dll
0x000007fefec70000 - 0x000007fefed4b000 	C:\Windows\system32\ADVAPI32.dll
0x000007fefd930000 - 0x000007fefd9cf000 	C:\Windows\system32\msvcrt.dll
0x000007feff650000 - 0x000007feff66f000 	C:\Windows\SYSTEM32\sechost.dll
0x000007feff520000 - 0x000007feff64d000 	C:\Windows\system32\RPCRT4.dll
0x0000000077240000 - 0x000000007733a000 	C:\Windows\system32\USER32.dll
0x000007feff380000 - 0x000007feff3e7000 	C:\Windows\system32\GDI32.dll
0x000007feff3f0000 - 0x000007feff3fe000 	C:\Windows\system32\LPK.dll
0x000007fefe7b0000 - 0x000007fefe879000 	C:\Windows\system32\USP10.dll
0x000007fefbae0000 - 0x000007fefbcd4000 	C:\Windows\WinSxS\amd64_microsoft.windows.common-controls_6595b64144ccf1df_6.0.7601.17514_none_fa396087175ac9ac\COMCTL32.dll
0x000007fefd780000 - 0x000007fefd7f1000 	C:\Windows\system32\SHLWAPI.dll
0x000007feff400000 - 0x000007feff42e000 	C:\Windows\system32\IMM32.DLL
0x000007fefe880000 - 0x000007fefe989000 	C:\Windows\system32\MSCTF.dll
0x00000000737d0000 - 0x00000000738a2000 	C:\Program Files\Java\jdk1.8.0_121\jre\bin\msvcr100.dll
0x000000006eb40000 - 0x000000006f3db000 	C:\Program Files\Java\jdk1.8.0_121\jre\bin\server\jvm.dll
0x000007feeb640000 - 0x000007feeb649000 	C:\Windows\system32\WSOCK32.dll
0x000007fefe760000 - 0x000007fefe7ad000 	C:\Windows\system32\WS2_32.dll
0x000007feff430000 - 0x000007feff438000 	C:\Windows\system32\NSI.dll
0x000007fef9fc0000 - 0x000007fef9ffb000 	C:\Windows\system32\WINMM.dll
0x000007fefc570000 - 0x000007fefc57c000 	C:\Windows\system32\VERSION.dll
0x0000000077630000 - 0x0000000077637000 	C:\Windows\system32\PSAPI.DLL
0x0000000074d00000 - 0x0000000074d0f000 	C:\Program Files\Java\jdk1.8.0_121\jre\bin\verify.dll
0x0000000074cd0000 - 0x0000000074cf9000 	C:\Program Files\Java\jdk1.8.0_121\jre\bin\java.dll
0x0000000074c90000 - 0x0000000074ca6000 	C:\Program Files\Java\jdk1.8.0_121\jre\bin\zip.dll
0x000007fefd9d0000 - 0x000007fefe758000 	C:\Windows\system32\SHELL32.dll
0x000007fefed50000 - 0x000007fefef53000 	C:\Windows\system32\ole32.dll
0x000007fefd3b0000 - 0x000007fefd3bf000 	C:\Windows\system32\profapi.dll
0x0000000073d50000 - 0x0000000073d6a000 	C:\Program Files\Java\jdk1.8.0_121\jre\bin\net.dll
0x000007fefcc20000 - 0x000007fefcc75000 	C:\Windows\system32\mswsock.dll
0x000007fefcc10000 - 0x000007fefcc17000 	C:\Windows\System32\wship6.dll
0x0000000073d30000 - 0x0000000073d41000 	C:\Program Files\Java\jdk1.8.0_121\jre\bin\nio.dll
0x000007fee9370000 - 0x000007fee9382000 	C:\Users\welcome\.gradle\native\19\windows-amd64\native-platform.dll
0x000007fefcc80000 - 0x000007fefcc97000 	C:\Windows\system32\CRYPTSP.dll
0x000007fefc940000 - 0x000007fefc987000 	C:\Windows\system32\rsaenh.dll
0x000007fefc7c0000 - 0x000007fefc7de000 	C:\Windows\system32\USERENV.dll
0x000007fefd2e0000 - 0x000007fefd2ef000 	C:\Windows\system32\CRYPTBASE.dll
0x000007fefc540000 - 0x000007fefc567000 	C:\Windows\system32\IPHLPAPI.DLL
0x000007fefc530000 - 0x000007fefc53b000 	C:\Windows\system32\WINNSI.DLL
0x000007fefc4c0000 - 0x000007fefc4d8000 	C:\Windows\system32\dhcpcsvc.DLL
0x000007fefaa00000 - 0x000007fefaa11000 	C:\Windows\system32\dhcpcsvc6.DLL
0x000000006f530000 - 0x000000006f53d000 	C:\Program Files\Java\jdk1.8.0_121\jre\bin\management.dll
0x000007fefd280000 - 0x000007fefd2d7000 	C:\Windows\system32\apphelp.dll
0x000007fef9130000 - 0x000007fef9255000 	C:\Windows\system32\dbghelp.dll

VM Arguments:
jvm_args: -Xmx1536m -Dfile.encoding=windows-1252 -Duser.country=US -Duser.language=en -Duser.variant 
java_command: org.gradle.launcher.daemon.bootstrap.GradleDaemon 2.14.1
java_class_path (initial): C:\Program Files\Android\Android Studio\gradle\gradle-2.14.1\lib\gradle-launcher-2.14.1.jar
Launcher Type: SUN_STANDARD

Environment Variables:
PATH=C:\ProgramData\Oracle\Java\javapath;C:\Windows\system32;C:\Windows;C:\Windows\System32\Wbem;C:\Windows\System32\WindowsPowerShell\v1.0\;C:\Program Files\Java\jdk1.8.0_121\bin
USERNAME=welcome
OS=Windows_NT
PROCESSOR_IDENTIFIER=Intel64 Family 6 Model 58 Stepping 9, GenuineIntel



---------------  S Y S T E M  ---------------

OS: Windows 7 , 64 bit Build 7601 (6.1.7601.17514)

CPU:total 4 (2 cores per cpu, 2 threads per core) family 6 model 58 stepping 9, cmov, cx8, fxsr, mmx, sse, sse2, sse3, ssse3, sse4.1, sse4.2, popcnt, avx, clmul, erms, ht, tsc, tscinvbit, tscinv

Memory: 4k page, physical 4083996k(982084k free), swap 8166148k(4428140k free)

vm_info: Java HotSpot(TM) 64-Bit Server VM (25.121-b13) for windows-amd64 JRE (1.8.0_121-b13), built on Dec 12 2016 18:21:36 by "java_re" with MS VC++ 10.0 (VS2010)

time: Mon Jan 30 22:42:12 2017
elapsed time: 3003 seconds (0d 0h 50m 3s)

